<component name="libraryTable">
  <library name="junit">
    <CLASSES>
      <root url="file://C:/Program Files/Java" />
      <root url="file://C:/Program Files/Java" />
    </CLASSES>
    <JAVADOC />
    <SOURCES />
    <jarDirectory url="file://C:/Program Files/Java" recursive="false" />
  </library>
</component>